app/build/intermediates/manifest_merge_blame_file/release/processReleaseMainManifest/manifest-merger-blame-release-report.txt
1<?xml version="1.0" encoding="utf-8"?>
2<manifest xmlns:android="http://schemas.android.com/apk/res/android"
3    package="com.honeypie.launcher"
4    android:versionCode="1"
5    android:versionName="1.0.0" >
6
7    <uses-sdk
8        android:minSdkVersion="24"
9        android:targetSdkVersion="36" />
10
11    <uses-permission android:name="android.permission.QUERY_ALL_PACKAGES" />
11-->src/main/AndroidManifest.xml:4:5-77
11-->src/main/AndroidManifest.xml:4:22-74
12
13    <permission
13-->[androidx.core:core:1.15.0] AndroidManifest.xml:22:5-24:47
14        android:name="com.honeypie.launcher.DYNAMIC_RECEIVER_NOT_EXPORTED_PERMISSION"
14-->[androidx.core:core:1.15.0] AndroidManifest.xml:23:9-81
15        android:protectionLevel="signature" />
15-->[androidx.core:core:1.15.0] AndroidManifest.xml:24:9-44
16
17    <uses-permission android:name="com.honeypie.launcher.DYNAMIC_RECEIVER_NOT_EXPORTED_PERMISSION" />
17-->[androidx.core:core:1.15.0] AndroidManifest.xml:26:5-97
17-->[androidx.core:core:1.15.0] AndroidManifest.xml:26:22-94
18
19    <application
19-->src/main/AndroidManifest.xml:6:5-29:19
20        android:allowBackup="false"
20-->src/main/AndroidManifest.xml:7:9-36
21        android:appComponentFactory="androidx.core.app.CoreComponentFactory"
21-->[androidx.core:core:1.15.0] AndroidManifest.xml:28:18-86
22        android:extractNativeLibs="false"
23        android:icon="@mipmap/ic_launcher"
23-->src/main/AndroidManifest.xml:8:9-43
24        android:label="@string/app_name"
24-->src/main/AndroidManifest.xml:9:9-41
25        android:supportsRtl="false"
25-->src/main/AndroidManifest.xml:10:9-36
26        android:theme="@style/Theme.HoneyPie" >
26-->src/main/AndroidManifest.xml:11:9-46
27        <activity
27-->src/main/AndroidManifest.xml:13:9-27:20
28            android:name="com.honeypie.launcher.MainActivity"
28-->src/main/AndroidManifest.xml:14:13-41
29            android:exported="true"
29-->src/main/AndroidManifest.xml:15:13-36
30            android:launchMode="singleTask"
30-->src/main/AndroidManifest.xml:16:13-44
31            android:resumeWhilePausing="true"
31-->src/main/AndroidManifest.xml:18:13-46
32            android:screenOrientation="portrait"
32-->src/main/AndroidManifest.xml:20:13-49
33            android:stateNotNeeded="true"
33-->src/main/AndroidManifest.xml:17:13-42
34            android:windowSoftInputMode="adjustPan|stateHidden" >
34-->src/main/AndroidManifest.xml:19:13-64
35            <intent-filter>
35-->src/main/AndroidManifest.xml:21:13-26:29
36                <action android:name="android.intent.action.MAIN" />
36-->src/main/AndroidManifest.xml:22:17-69
36-->src/main/AndroidManifest.xml:22:25-66
37
38                <category android:name="android.intent.category.HOME" />
38-->src/main/AndroidManifest.xml:23:17-73
38-->src/main/AndroidManifest.xml:23:27-70
39                <category android:name="android.intent.category.DEFAULT" />
39-->src/main/AndroidManifest.xml:24:17-76
39-->src/main/AndroidManifest.xml:24:27-73
40                <category android:name="android.intent.category.LAUNCHER" />
40-->src/main/AndroidManifest.xml:25:17-77
40-->src/main/AndroidManifest.xml:25:27-74
41            </intent-filter>
42        </activity>
43
44        <provider
44-->[androidx.profileinstaller:profileinstaller:1.3.1] AndroidManifest.xml:24:9-32:20
45            android:name="androidx.startup.InitializationProvider"
45-->[androidx.profileinstaller:profileinstaller:1.3.1] AndroidManifest.xml:25:13-67
46            android:authorities="com.honeypie.launcher.androidx-startup"
46-->[androidx.profileinstaller:profileinstaller:1.3.1] AndroidManifest.xml:26:13-68
47            android:exported="false" >
47-->[androidx.profileinstaller:profileinstaller:1.3.1] AndroidManifest.xml:27:13-37
48            <meta-data
48-->[androidx.profileinstaller:profileinstaller:1.3.1] AndroidManifest.xml:29:13-31:52
49                android:name="androidx.profileinstaller.ProfileInstallerInitializer"
49-->[androidx.profileinstaller:profileinstaller:1.3.1] AndroidManifest.xml:30:17-85
50                android:value="androidx.startup" />
50-->[androidx.profileinstaller:profileinstaller:1.3.1] AndroidManifest.xml:31:17-49
51        </provider>
52
53        <receiver
53-->[androidx.profileinstaller:profileinstaller:1.3.1] AndroidManifest.xml:34:9-52:20
54            android:name="androidx.profileinstaller.ProfileInstallReceiver"
54-->[androidx.profileinstaller:profileinstaller:1.3.1] AndroidManifest.xml:35:13-76
55            android:directBootAware="false"
55-->[androidx.profileinstaller:profileinstaller:1.3.1] AndroidManifest.xml:36:13-44
56            android:enabled="true"
56-->[androidx.profileinstaller:profileinstaller:1.3.1] AndroidManifest.xml:37:13-35
57            android:exported="true"
57-->[androidx.profileinstaller:profileinstaller:1.3.1] AndroidManifest.xml:38:13-36
58            android:permission="android.permission.DUMP" >
58-->[androidx.profileinstaller:profileinstaller:1.3.1] AndroidManifest.xml:39:13-57
59            <intent-filter>
59-->[androidx.profileinstaller:profileinstaller:1.3.1] AndroidManifest.xml:40:13-42:29
60                <action android:name="androidx.profileinstaller.action.INSTALL_PROFILE" />
60-->[androidx.profileinstaller:profileinstaller:1.3.1] AndroidManifest.xml:41:17-91
60-->[androidx.profileinstaller:profileinstaller:1.3.1] AndroidManifest.xml:41:25-88
61            </intent-filter>
62            <intent-filter>
62-->[androidx.profileinstaller:profileinstaller:1.3.1] AndroidManifest.xml:43:13-45:29
63                <action android:name="androidx.profileinstaller.action.SKIP_FILE" />
63-->[androidx.profileinstaller:profileinstaller:1.3.1] AndroidManifest.xml:44:17-85
63-->[androidx.profileinstaller:profileinstaller:1.3.1] AndroidManifest.xml:44:25-82
64            </intent-filter>
65            <intent-filter>
65-->[androidx.profileinstaller:profileinstaller:1.3.1] AndroidManifest.xml:46:13-48:29
66                <action android:name="androidx.profileinstaller.action.SAVE_PROFILE" />
66-->[androidx.profileinstaller:profileinstaller:1.3.1] AndroidManifest.xml:47:17-88
66-->[androidx.profileinstaller:profileinstaller:1.3.1] AndroidManifest.xml:47:25-85
67            </intent-filter>
68            <intent-filter>
68-->[androidx.profileinstaller:profileinstaller:1.3.1] AndroidManifest.xml:49:13-51:29
69                <action android:name="androidx.profileinstaller.action.BENCHMARK_OPERATION" />
69-->[androidx.profileinstaller:profileinstaller:1.3.1] AndroidManifest.xml:50:17-95
69-->[androidx.profileinstaller:profileinstaller:1.3.1] AndroidManifest.xml:50:25-92
70            </intent-filter>
71        </receiver>
72    </application>
73
74</manifest>